Determining if the pthread_create exist failed with the following output:
Change Dir: /home/czhou/Projects/InvEHL/build/CMakeFiles/CMakeTmp

Run Build Command:"/usr/bin/make" "cmTC_3cd6f/fast"
/usr/bin/make -f CMakeFiles/cmTC_3cd6f.dir/build.make CMakeFiles/cmTC_3cd6f.dir/build
make[1]: Entering directory '/home/czhou/Projects/InvEHL/build/CMakeFiles/CMakeTmp'
Building C object CMakeFiles/cmTC_3cd6f.dir/CheckSymbolExists.c.o
/usr/bin/gcc-7    -o CMakeFiles/cmTC_3cd6f.dir/CheckSymbolExists.c.o   -c /home/czhou/Projects/InvEHL/build/CMakeFiles/CMakeTmp/CheckSymbolExists.c
Linking C executable cmTC_3cd6f
/usr/bin/cmake -E cmake_link_script CMakeFiles/cmTC_3cd6f.dir/link.txt --verbose=1
/usr/bin/gcc-7      -rdynamic CMakeFiles/cmTC_3cd6f.dir/CheckSymbolExists.c.o  -o cmTC_3cd6f 
CMakeFiles/cmTC_3cd6f.dir/CheckSymbolExists.c.o: In function `main':
CheckSymbolExists.c:(.text+0x1b): undefined reference to `pthread_create'
collect2: error: ld returned 1 exit status
CMakeFiles/cmTC_3cd6f.dir/build.make:97: recipe for target 'cmTC_3cd6f' failed
make[1]: *** [cmTC_3cd6f] Error 1
make[1]: Leaving directory '/home/czhou/Projects/InvEHL/build/CMakeFiles/CMakeTmp'
Makefile:126: recipe for target 'cmTC_3cd6f/fast' failed
make: *** [cmTC_3cd6f/fast] Error 2

File /home/czhou/Projects/InvEHL/build/CMakeFiles/CMakeTmp/CheckSymbolExists.c:
/* */
#include <pthread.h>

int main(int argc, char** argv)
{
  (void)argv;
#ifndef pthread_create
  return ((int*)(&pthread_create))[argc];
#else
  (void)argc;
  return 0;
#endif
}

Determining if the function pthread_create exists in the pthreads failed with the following output:
Change Dir: /home/czhou/Projects/InvEHL/build/CMakeFiles/CMakeTmp

Run Build Command:"/usr/bin/make" "cmTC_a5acb/fast"
/usr/bin/make -f CMakeFiles/cmTC_a5acb.dir/build.make CMakeFiles/cmTC_a5acb.dir/build
make[1]: Entering directory '/home/czhou/Projects/InvEHL/build/CMakeFiles/CMakeTmp'
Building C object CMakeFiles/cmTC_a5acb.dir/CheckFunctionExists.c.o
/usr/bin/gcc-7   -DCHECK_FUNCTION_EXISTS=pthread_create   -o CMakeFiles/cmTC_a5acb.dir/CheckFunctionExists.c.o   -c /usr/share/cmake-3.10/Modules/CheckFunctionExists.c
Linking C executable cmTC_a5acb
/usr/bin/cmake -E cmake_link_script CMakeFiles/cmTC_a5acb.dir/link.txt --verbose=1
/usr/bin/gcc-7  -DCHECK_FUNCTION_EXISTS=pthread_create    -rdynamic CMakeFiles/cmTC_a5acb.dir/CheckFunctionExists.c.o  -o cmTC_a5acb -lpthreads 
/usr/bin/ld: cannot find -lpthreads
collect2: error: ld returned 1 exit status
CMakeFiles/cmTC_a5acb.dir/build.make:97: recipe for target 'cmTC_a5acb' failed
make[1]: *** [cmTC_a5acb] Error 1
make[1]: Leaving directory '/home/czhou/Projects/InvEHL/build/CMakeFiles/CMakeTmp'
Makefile:126: recipe for target 'cmTC_a5acb/fast' failed
make: *** [cmTC_a5acb/fast] Error 2


